<?xml version="1.0" ?>
<coverage version="5.5" timestamp="1626212762777" lines-valid="6" lines-covered="5" line-rate="0.8333" branches-valid="0" branches-covered="0" branch-rate="1" complexity="0">
	<!-- Generated by coverage.py: https://coverage.readthedocs.io -->
	<!-- Based on https://raw.githubusercontent.com/cobertura/web/master/htdocs/xml/coverage-04.dtd -->
	<sources>
		<source>/home/cebernar/dev/alphatraining/src</source>
	</sources>
	<packages>
		<package name="alphamonitor" line-rate="0.8333" branch-rate="1" complexity="0">
			<classes>
				<class name="__init__.py" filename="alphamonitor/__init__.py" complexity="0" line-rate="1" branch-rate="1">
					<methods/>
					<lines/>
				</class>
				<class name="jira_exporter.py" filename="alphamonitor/jira_exporter.py" complexity="0" line-rate="0.8333" branch-rate="1">
					<methods/>
					<lines>
						<line number="3" hits="1"/>
						<line number="8" hits="1"/>
						<line number="9" hits="1"/>
						<line number="10" hits="1"/>
						<line number="12" hits="1"/>
						<line number="13" hits="0"/>
					</lines>
				</class>
			</classes>
		</package>
	</packages>
</coverage>
